\BOOKMARK [0][-]{chapter.1}{Introduction}{}% 1
\BOOKMARK [1][-]{section*.2}{Contexte Socio-\351conomique}{chapter.1}% 2
\BOOKMARK [1][-]{section*.2}{Pr\351sentation De La Structure d\220Accueil}{chapter.1}% 3
\BOOKMARK [1][-]{section*.2}{Objectif Du Stage}{chapter.1}% 4
\BOOKMARK [0][-]{chapter.2}{M\351thodologie et Mat\351riel}{}% 5
\BOOKMARK [1][-]{section.2.1}{Mat\351riels mises \340 disposition}{chapter.2}% 6
\BOOKMARK [1][-]{section.2.2}{M\351thodologie adopt\351e}{chapter.2}% 7
\BOOKMARK [2][-]{subsection.2.2.1}{D\351finir le cahier des charges}{section.2.2}% 8
\BOOKMARK [2][-]{subsection.2.2.2}{Chercher des outils adapt\351s}{section.2.2}% 9
\BOOKMARK [3][-]{subsubsection.2.2.2.1}{Outils permettant l'impl\351mentation du plateforme}{subsection.2.2.2}% 10
\BOOKMARK [3][-]{subsubsection.2.2.2.2}{Outils permettant le travail en collaboration}{subsection.2.2.2}% 11
\BOOKMARK [2][-]{subsection.2.2.3}{Cr\351er la page de questionnaire}{section.2.2}% 12
\BOOKMARK [2][-]{subsection.2.2.4}{Cr\351er et lier les diff\351rentes pages}{section.2.2}% 13
\BOOKMARK [2][-]{subsection.2.2.5}{G\351rer la base de donn\351es}{section.2.2}% 14
\BOOKMARK [3][-]{subsubsection.2.2.5.1}{Serveur}{subsection.2.2.5}% 15
\BOOKMARK [3][-]{subsubsection.2.2.5.2}{Stockage}{subsection.2.2.5}% 16
\BOOKMARK [3][-]{subsubsection.2.2.5.3}{Synchronisation}{subsection.2.2.5}% 17
\BOOKMARK [2][-]{subsection.2.2.6}{D\351ployer le plateforme}{section.2.2}% 18
\BOOKMARK [1][-]{section.2.3}{ Planning r\351alis\351 sur la dur\351e totale du stage}{chapter.2}% 19
\BOOKMARK [0][-]{chapter.3}{R\351sultats}{}% 20
\BOOKMARK [1][-]{section.3.1}{Bilan des livrables}{chapter.3}% 21
\BOOKMARK [1][-]{section.3.2}{Bilan des connaissances acquises}{chapter.3}% 22
\BOOKMARK [0][-]{chapter.4}{Discussion}{}% 23
\BOOKMARK [1][-]{section.4.1}{Analyse critique des r\351sultats}{chapter.4}% 24
\BOOKMARK [1][-]{section.4.2}{Apports pour l'entreprise }{chapter.4}% 25
\BOOKMARK [1][-]{section.4.3}{Bilan personnel}{chapter.4}% 26
\BOOKMARK [0][-]{chapter.5}{Conclusion}{}% 27
